# JRE version: OpenJDK Runtime Environment (11.0.12+7) (build 11.0.12+7-b1504.28-7817840)
# Java VM: OpenJDK 64-Bit Server VM (11.0.12+7-b1504.28-7817840, mixed mode, tiered, compressed oops, g1 gc, windows-amd64)
Heap:
 garbage-first heap   total 262144K, used 146558K [0x0000000080000000, 0x0000000100000000)
  region size 1024K, 90 young (92160K), 10 survivors (10240K)
 Metaspace       used 84291K, capacity 86671K, committed 86788K, reserved 1124352K
  class space    used 11042K, capacity 11963K, committed 11980K, reserved 1048576K
GC Heap History (18 events):
Event: 0.756 GC heap before
{Heap before GC invocations=0 (full 0):
 garbage-first heap   total 262144K, used 29696K [0x0000000080000000, 0x0000000100000000)
  region size 1024K, 24 young (24576K), 0 survivors (0K)
 Metaspace       used 10222K, capacity 10467K, committed 10624K, reserved 1058816K
  class space    used 1060K, capacity 1106K, committed 1152K, reserved 1048576K
}
Event: 0.759 GC heap after
{Heap after GC invocations=1 (full 0):
 garbage-first heap   total 262144K, used 9476K [0x0000000080000000, 0x0000000100000000)
  region size 1024K, 3 young (3072K), 3 survivors (3072K)
 Metaspace       used 10222K, capacity 10467K, committed 10624K, reserved 1058816K
  class space    used 1060K, capacity 1106K, committed 1152K, reserved 1048576K
}
Event: 2.471 GC heap before
{Heap before GC invocations=1 (full 0):
 garbage-first heap   total 262144K, used 112900K [0x0000000080000000, 0x0000000100000000)
  region size 1024K, 105 young (107520K), 3 survivors (3072K)
 Metaspace       used 20722K, capacity 21181K, committed 21296K, reserved 1069056K
  class space    used 2532K, capacity 2680K, committed 2688K, reserved 1048576K
}
Event: 2.477 GC heap after
{Heap after GC invocations=2 (full 0):
 garbage-first heap   total 262144K, used 17439K [0x0000000080000000, 0x0000000100000000)
  region size 1024K, 11 young (11264K), 11 survivors (11264K)
 Metaspace       used 20722K, capacity 21181K, committed 21296K, reserved 1069056K
  class space    used 2532K, capacity 2680K, committed 2688K, reserved 1048576K
}
Event: 2.776 GC heap before
{Heap before GC invocations=3 (full 0):
 garbage-first heap   total 262144K, used 64543K [0x0000000080000000, 0x0000000100000000)
  region size 1024K, 58 young (59392K), 11 survivors (11264K)
 Metaspace       used 25602K, capacity 26207K, committed 26544K, reserved 1073152K
  class space    used 3281K, capacity 3488K, committed 3584K, reserved 1048576K
}
Event: 2.780 GC heap after
{Heap after GC invocations=4 (full 0):
 garbage-first heap   total 262144K, used 19437K [0x0000000080000000, 0x0000000100000000)
  region size 1024K, 3 young (3072K), 3 survivors (3072K)
 Metaspace       used 25602K, capacity 26207K, committed 26544K, reserved 1073152K
  class space    used 3281K, capacity 3488K, committed 3584K, reserved 1048576K
}
Event: 3.320 GC heap before
{Heap before GC invocations=4 (full 0):
 garbage-first heap   total 262144K, used 83949K [0x0000000080000000, 0x0000000100000000)
  region size 1024K, 67 young (68608K), 3 survivors (3072K)
 Metaspace       used 35087K, capacity 35854K, committed 35920K, reserved 1081344K
  class space    used 4531K, capacity 4839K, committed 4864K, reserved 1048576K
}
Event: 3.325 GC heap after
{Heap after GC invocations=5 (full 0):
 garbage-first heap   total 262144K, used 22382K [0x0000000080000000, 0x0000000100000000)
  region size 1024K, 6 young (6144K), 6 survivors (6144K)
 Metaspace       used 35087K, capacity 35854K, committed 35920K, reserved 1081344K
  class space    used 4531K, capacity 4839K, committed 4864K, reserved 1048576K
}
Event: 4.183 GC heap before
{Heap before GC invocations=6 (full 0):
 garbage-first heap   total 262144K, used 144238K [0x0000000080000000, 0x0000000100000000)
  region size 1024K, 122 young (124928K), 6 survivors (6144K)
 Metaspace       used 45186K, capacity 46240K, committed 46492K, reserved 1089536K
  class space    used 5798K, capacity 6197K, committed 6220K, reserved 1048576K
}
Event: 4.188 GC heap after
{Heap after GC invocations=7 (full 0):
 garbage-first heap   total 262144K, used 29760K [0x0000000080000000, 0x0000000100000000)
  region size 1024K, 13 young (13312K), 13 survivors (13312K)
 Metaspace       used 45186K, capacity 46240K, committed 46492K, reserved 1089536K
  class space    used 5798K, capacity 6197K, committed 6220K, reserved 1048576K
}
Event: 5.522 GC heap before
{Heap before GC invocations=7 (full 0):
 garbage-first heap   total 262144K, used 176192K [0x0000000080000000, 0x0000000100000000)
  region size 1024K, 152 young (155648K), 13 survivors (13312K)
 Metaspace       used 55054K, capacity 56423K, committed 56604K, reserved 1097728K
  class space    used 7041K, capacity 7568K, committed 7628K, reserved 1048576K
}
Event: 5.530 GC heap after
{Heap after GC invocations=8 (full 0):
 garbage-first heap   total 262144K, used 44094K [0x0000000080000000, 0x0000000100000000)
  region size 1024K, 18 young (18432K), 18 survivors (18432K)
 Metaspace       used 55054K, capacity 56423K, committed 56604K, reserved 1097728K
  class space    used 7041K, capacity 7568K, committed 7628K, reserved 1048576K
}
Event: 5.734 GC heap before
{Heap before GC invocations=8 (full 0):
 garbage-first heap   total 262144K, used 68670K [0x0000000080000000, 0x0000000100000000)
  region size 1024K, 43 young (44032K), 18 survivors (18432K)
 Metaspace       used 58911K, capacity 60300K, committed 60420K, reserved 1101824K
  class space    used 7487K, capacity 8066K, committed 8140K, reserved 1048576K
}
Event: 5.746 GC heap after
{Heap after GC invocations=9 (full 0):
 garbage-first heap   total 262144K, used 47012K [0x0000000080000000, 0x0000000100000000)
  region size 1024K, 3 young (3072K), 3 survivors (3072K)
 Metaspace       used 58911K, capacity 60300K, committed 60420K, reserved 1101824K
  class space    used 7487K, capacity 8066K, committed 8140K, reserved 1048576K
}
Event: 6.623 GC heap before
{Heap before GC invocations=10 (full 0):
 garbage-first heap   total 262144K, used 184228K [0x0000000080000000, 0x0000000100000000)
  region size 1024K, 137 young (140288K), 3 survivors (3072K)
 Metaspace       used 70113K, capacity 71727K, committed 71812K, reserved 1112064K
  class space    used 9108K, capacity 9727K, committed 9804K, reserved 1048576K
}
Event: 6.628 GC heap after
{Heap after GC invocations=11 (full 0):
 garbage-first heap   total 262144K, used 55156K [0x0000000080000000, 0x0000000100000000)
  region size 1024K, 11 young (11264K), 11 survivors (11264K)
 Metaspace       used 70113K, capacity 71727K, committed 71812K, reserved 1112064K
  class space    used 9108K, capacity 9727K, committed 9804K, reserved 1048576K
}
Event: 7.620 GC heap before
{Heap before GC invocations=12 (full 0):
 garbage-first heap   total 262144K, used 190324K [0x0000000080000000, 0x0000000100000000)
  region size 1024K, 143 young (146432K), 11 survivors (11264K)
 Metaspace       used 81718K, capacity 83981K, committed 84228K, reserved 1122304K
  class space    used 10808K, capacity 11712K, committed 11724K, reserved 1048576K
}
Event: 7.629 GC heap after
{Heap after GC invocations=13 (full 0):
 garbage-first heap   total 262144K, used 64638K [0x0000000080000000, 0x0000000100000000)
  region size 1024K, 10 young (10240K), 10 survivors (10240K)
 Metaspace       used 81718K, capacity 83981K, committed 84228K, reserved 1122304K
  class space    used 10808K, capacity 11712K, committed 11724K, reserved 1048576K
}

